<?xml version="1.0" encoding="UTF-8"?>
<testng-results ignored="0" total="3" passed="3" failed="0" skipped="0">
  <reporter-output>
  </reporter-output>
  <suite started-at="2025-03-25T20:42:44 IST" name="Default suite" finished-at="2025-03-25T20:42:44 IST" duration-ms="135">
    <groups>
    </groups>
    <test started-at="2025-03-25T20:42:44 IST" name="Default test" finished-at="2025-03-25T20:42:44 IST" duration-ms="135">
      <class name="advsel.DataProviderUsage">
        <test-method signature="testCase(java.lang.String,java.lang.String)[pri:0, instance:advsel.DataProviderUsage@2d52216b]" started-at="2025-03-25T20:42:44 IST" name="testCase" data-provider="getData" finished-at="2025-03-25T20:42:44 IST" duration-ms="13" status="PASS">
          <params>
            <param index="0">
              <value>
                <![CDATA[John]]>
              </value>
            </param>
            <param index="1">
              <value>
                <![CDATA[Dave]]>
              </value>
            </param>
          </params>
          <reporter-output>
          </reporter-output>
        </test-method> <!-- testCase -->
        <test-method signature="testCase(java.lang.String,java.lang.String)[pri:0, instance:advsel.DataProviderUsage@2d52216b]" started-at="2025-03-25T20:42:44 IST" name="testCase" data-provider="getData" finished-at="2025-03-25T20:42:44 IST" duration-ms="3" status="PASS">
          <params>
            <param index="0">
              <value>
                <![CDATA[Marrie]]>
              </value>
            </param>
            <param index="1">
              <value>
                <![CDATA[Raven]]>
              </value>
            </param>
          </params>
          <reporter-output>
          </reporter-output>
        </test-method> <!-- testCase -->
        <test-method signature="testCase(java.lang.String,java.lang.String)[pri:0, instance:advsel.DataProviderUsage@2d52216b]" started-at="2025-03-25T20:42:44 IST" name="testCase" data-provider="getData" finished-at="2025-03-25T20:42:44 IST" duration-ms="2" status="PASS">
          <params>
            <param index="0">
              <value>
                <![CDATA[Smith]]>
              </value>
            </param>
            <param index="1">
              <value>
                <![CDATA[Loiuse]]>
              </value>
            </param>
          </params>
          <reporter-output>
          </reporter-output>
        </test-method> <!-- testCase -->
      </class> <!-- advsel.DataProviderUsage -->
    </test> <!-- Default test -->
  </suite> <!-- Default suite -->
</testng-results>
