<?xml version="1.0" encoding="UTF-8"?>
<!-- Generated by org.testng.reporters.JUnitXMLReporter -->
<testsuite ignored="1" hostname="US-PF2S4H27" failures="0" tests="1" name="Default test" time="31.074" errors="0" timestamp="2025-03-25T20:16:56 IST">
  <testcase classname="selframework.Create_Campaign" name="createCampaignTest" time="30.972"/>
  <testcase classname="selframework.Create_Campaign" name="createCampaignTestWithMandatoryFields" time="0.0">
    <ignored/>
  </testcase> <!-- createCampaignTestWithMandatoryFields -->
</testsuite> <!-- Default test -->
