<?xml version="1.0" encoding="UTF-8"?>
<!-- Generated by org.testng.reporters.JUnitXMLReporter -->
<testsuite ignored="0" hostname="US-PF2S4H27" failures="0" tests="3" name="Default test" time="0.135" errors="0" timestamp="2025-03-25T20:42:44 IST">
  <testcase classname="advsel.DataProviderUsage" name="testCase" time="0.013"/>
  <testcase classname="advsel.DataProviderUsage" name="testCase" time="0.003"/>
  <testcase classname="advsel.DataProviderUsage" name="testCase" time="0.002"/>
</testsuite> <!-- Default test -->
