<?xml version="1.0" encoding="UTF-8"?>
<!-- Generated by org.testng.reporters.JUnitXMLReporter -->
<testsuite ignored="0" hostname="US-PF2S4H27" failures="0" tests="5" name="Test_FireFox" time="122.479" errors="0" timestamp="2025-03-21T20:56:47 IST">
  <testcase classname="selframework.Create_Contact" name="createContactTest" time="24.944"/>
  <testcase classname="selframework.LoginandLogoutTest" name="loginLogoutTest" time="13.763"/>
  <testcase classname="selframework.Create_Product" name="createProduct" time="27.096"/>
  <testcase classname="selframework.Create_Campaign" name="createCampaignTest" time="29.247"/>
  <testcase classname="selframework.Create_Campaign" name="createCampaignTestWithMandatoryFields" time="27.362"/>
</testsuite> <!-- Test_FireFox -->
