<?xml version="1.0" encoding="UTF-8"?>
<!-- Generated by org.testng.reporters.JUnitXMLReporter -->
<testsuite ignored="0" hostname="US-PF2S4H27" failures="0" tests="3" name="Test2" time="93.836" errors="0" timestamp="2025-03-21T20:03:14 IST">
  <testcase classname="selframework.Create_Product" name="createProduct" time="34.857"/>
  <testcase classname="selframework.Create_Campaign" name="createCampaignTest" time="31.107"/>
  <testcase classname="selframework.Create_Campaign" name="createCampaignTestWithMandatoryFiedlds" time="27.749"/>
</testsuite> <!-- Test2 -->
